_uuid               : 532757d0-bc2e-41b9-bafe-2542f995b011
addresses           : ["10.244.0.5"]
external_ids        : {name=local-path-storage_v4}
name                : a10956707444534956691

_uuid               : 8e33c234-2da4-4e5f-858f-4bcd5bc3c68b
addresses           : []
external_ids        : {name=default_v4}
name                : a5154718082306775057

_uuid               : 3581fd85-1428-45a8-9702-edec71dda0a1
addresses           : ["10.244.0.3", "10.244.0.4"]
external_ids        : {name=kube-system_v4}
name                : a6937002112706621489

_uuid               : 99ad8ae1-bc86-4662-bca4-a88fd675ee3d
addresses           : []
external_ids        : {name=ovn-kubernetes_v4}
name                : a5675285926127865604

_uuid               : fde500ad-eff5-47a3-be0b-02e7c23a1357
addresses           : []
external_ids        : {name=kube-public_v4}
name                : a18363165982804349389

_uuid               : 0af13342-2ea7-486d-825a-b57bd70a8cbc
addresses           : []
external_ids        : {name=kube-node-lease_v4}
name                : a16235039932615691331
