_uuid               : 22c3143c-15c8-4018-91b6-8fe4b0ffab80
enabled             : []
external_ids        : {physical_ip="172.18.0.4", physical_ips="172.18.0.4"}
load_balancer       : []
name                : GR_ovn-control-plane
nat                 : []
options             : {always_learn_from_arp_request="false", chassis="1bd76edb-8626-4ecd-8185-788bd2121bda", dynamic_neigh_routers="true"}
policies            : []
ports               : [af4e1844-8479-476f-a45a-6444475f0062, d54fc12c-ecd5-44c6-a2b9-bda4e0534d6b]
static_routes       : [7115ddef-8cad-4fc9-8471-63715480e4fd, e4c2100f-f7ba-4129-a11f-0b4d854a7c28]

_uuid               : 70f7ff95-16c1-4832-9073-5c5ba807d205
enabled             : []
external_ids        : {physical_ip="172.18.0.2", physical_ips="172.18.0.2"}
load_balancer       : []
name                : GR_ovn-worker2
nat                 : []
options             : {always_learn_from_arp_request="false", chassis="8ec06983-c3c3-4687-b2b0-6283ee76b252", dynamic_neigh_routers="true"}
policies            : []
ports               : [a3be4bc9-9bd0-496f-9796-afc43f6cae12, a5731950-de12-4d55-8687-5fa7d2571742]
static_routes       : [815544ad-3bd9-4224-8776-75a3effabe28, 93431fc9-c663-4ca9-9e7c-bbf964c39471]

_uuid               : a172a05d-7260-4a5c-b38b-9bd989ee6e9c
enabled             : []
external_ids        : {physical_ip="172.18.0.3", physical_ips="172.18.0.3"}
load_balancer       : []
name                : GR_ovn-worker
nat                 : []
options             : {always_learn_from_arp_request="false", chassis="451b020e-f24f-4b5f-929c-79e91455893d", dynamic_neigh_routers="true"}
policies            : []
ports               : [28997de6-8ea1-4338-80de-72fde80c8d95, 7268435c-3a36-4db8-aef8-a194f2edd2bd]
static_routes       : [31b69005-4c12-4555-8103-e42ffc1a7abf, a4c5198c-417a-4c00-9d8e-799c0b603f0e]

_uuid               : 320b8a23-fccd-4737-96e5-e823e741c5ac
enabled             : []
external_ids        : {k8s-cluster-router=yes, k8s-ovn-topo-version="2"}
load_balancer       : []
name                : ovn_cluster_router
nat                 : [66632550-9c14-4503-b5d9-a41e0e424af9, 9bef6aa1-77bb-4b8d-9bc1-9cf0e3e6d53f, d2c8158d-7a13-46b1-80a7-85383138a188]
options             : {}
policies            : [02f2f106-9b5c-4f03-9026-475a6ca6159d, 035fbfeb-0972-4f53-a0f6-493c67223370, 242653ec-3efe-47f5-8225-b8595465b6ef, 2e04ae7b-a706-4dff-95f7-9d83de2529c0, 5c568adf-2518-43e0-be1e-6d4efd26490a, 5e9cf2a3-e9e1-4b97-b3e6-6c18bd338b75, 60b80577-782a-43c3-ba89-b89dbe8b60e7, 8c506059-dba8-415d-a84d-6cd1af3eeed6, bf157b54-c8f6-4e45-95c7-6bebff4d63e9, dfd28891-5aa8-4508-b37b-f3145f6ee8fe, e70b41f0-5575-4c04-b435-80016beb87a0, ee614326-2326-4d57-8721-58a659fcbd6e, ffe013b0-3974-415c-b67f-fe7dc34628e3]
ports               : [0028e530-18da-4b1d-bec3-ca6f4f8954b5, 18502ff7-e896-4bba-989b-3548267848a8, 6b7d2637-cee1-481c-8273-523ca7d99d9d, d293e3dc-3cca-499c-9bce-0c2d619f6df7, d4171d97-758d-4ce1-a7e8-2daf3f872844]
static_routes       : [01c3bc10-332e-4668-9bd9-f67e63c53afd, 1b4c524c-a36f-41d0-8bcf-cbd3e5f8171a, 4a828663-b619-4470-a8e3-59f5977e88ec, 65215a82-3c7d-49d3-9ebd-62bc978bb457, 6aeb90da-9ee7-4947-ac18-9ad742a1008f, b57fbccd-675e-471d-8aed-8b279f0d65eb, baa3b44e-3831-4575-a3f5-80bb6ec2910f, dac55e3b-6b15-46bf-b8eb-9431d963f3d8, fe4089a4-33f1-4f82-b8bb-aaa01e027c5c]
