_uuid               : 7c10b662-6797-460b-be7e-97b4a22c647a
acls                : [aa2bab19-9b31-4d01-b1ad-f5e49dd269f8]
dns_records         : []
external_ids        : {}
forwarding_groups   : []
load_balancer       : [0c0d7ca5-c56d-4130-9e8f-5d8ffb3a5915, 32cc16f0-cda7-4c63-87d7-d30349ce32d7, 65bd48d9-5d2b-4dd3-a993-50876a5f4a05, a6850cf1-5aee-462c-9195-5397d6417938, d7b47c1b-55bc-45a9-bb0d-4032e327c3d2, d8df5624-a22e-447b-95cc-fc40f60b6aa4]
name                : ovn-control-plane
other_config        : {subnet="10.244.0.0/24"}
ports               : [0bd0fcab-c3ea-43d8-a773-0902a6efb449, 270615e6-9190-44d3-ad09-68dfed0836aa, 97229a0c-ee67-42ff-8fd7-ae0975782859, b4298483-cf17-46d4-9da1-034eab065ff1, be25033c-27df-42a2-9765-52bc06acc71c]
qos_rules           : []

_uuid               : 8785eab3-c78d-4c01-8f60-6e07f4b00a9c
acls                : []
dns_records         : []
external_ids        : {}
forwarding_groups   : []
load_balancer       : []
name                : join
other_config        : {}
ports               : [0db36ef1-93b4-4521-8082-1ff1fae6e7a5, 90f6178f-8daa-432f-ab4e-6e3dcc950085, be63eab0-745f-4f01-a76f-0c230fab435b, cd73b34a-5379-4163-9ee6-95522127c981]
qos_rules           : []

_uuid               : 72ada4fb-6985-4d3c-8158-17e057365d83
acls                : [3ed181f9-7c68-47ee-bcdc-6cf393a02772]
dns_records         : []
external_ids        : {}
forwarding_groups   : []
load_balancer       : [32cc16f0-cda7-4c63-87d7-d30349ce32d7, 53e13052-4a7e-4857-be8f-c234d978482f, 65bd48d9-5d2b-4dd3-a993-50876a5f4a05, 6be22262-6c30-4cd3-929b-23e79f90182f, 90f32ca6-e752-4ea9-9e49-6ff3d3cc4e18, d7b47c1b-55bc-45a9-bb0d-4032e327c3d2]
name                : ovn-worker2
other_config        : {subnet="10.244.1.0/24"}
ports               : [73000cf3-73d0-4283-8aad-bcf181626a40, fcf06a69-16c2-4f34-b3a4-282a641862f8]
qos_rules           : []

_uuid               : 0fa664eb-9c25-419f-bcd6-f02ece2ff9f2
acls                : [7071b927-cc6d-4145-8849-395e6226fdac]
dns_records         : []
external_ids        : {}
forwarding_groups   : []
load_balancer       : [32cc16f0-cda7-4c63-87d7-d30349ce32d7, 3a2be97e-8be5-44c5-91b9-a93e1767e374, 3f00965b-7930-4232-8cee-cf877ca1da04, 65bd48d9-5d2b-4dd3-a993-50876a5f4a05, 667a3465-d536-4561-9daa-210a32ad7a5a, d7b47c1b-55bc-45a9-bb0d-4032e327c3d2]
name                : ovn-worker
other_config        : {subnet="10.244.2.0/24"}
ports               : [25f2e69e-4bac-4529-9082-9f94da060cf1, b6e1fc02-0306-4887-8e36-e8b0ec22b16c]
qos_rules           : []

_uuid               : 4cccc9ad-5ba6-42f9-a749-2d5f3c54ace4
acls                : []
dns_records         : []
external_ids        : {}
forwarding_groups   : []
load_balancer       : []
name                : ext_ovn-control-plane
other_config        : {}
ports               : [006d780f-7169-44f6-8eb2-9df757feef61, a8fe81ba-4746-4d6f-aebe-d53cfd4ae46f]
qos_rules           : []

_uuid               : 1822aa4e-9d58-4261-a22b-ecb6f864a3bc
acls                : []
dns_records         : []
external_ids        : {}
forwarding_groups   : []
load_balancer       : []
name                : ext_ovn-worker
other_config        : {}
ports               : [2a77a299-b713-4461-b3f6-4e91485fae79, e172ea88-8779-4fec-8fb4-553efb426880]
qos_rules           : []

_uuid               : 58bf473e-b470-4f2c-8d04-ff89e040d730
acls                : []
dns_records         : []
external_ids        : {}
forwarding_groups   : []
load_balancer       : []
name                : node_local_switch
other_config        : {}
ports               : [55404126-bad9-4956-919f-3715c30a0a63, 8d754f91-944d-4b4d-88a4-c5c9b94ce194]
qos_rules           : []

_uuid               : c8d5d406-4147-4d8a-ab86-b51537b12411
acls                : []
dns_records         : []
external_ids        : {}
forwarding_groups   : []
load_balancer       : []
name                : ext_ovn-worker2
other_config        : {}
ports               : [83a8d847-1ce2-4f8a-8b72-7ca60595be96, a2448455-ca3b-4cb0-9c5c-5c6cf8e0da97]
qos_rules           : []
