_uuid               : 66632550-9c14-4503-b5d9-a41e0e424af9
allowed_ext_ips     : []
exempted_ext_ips    : []
external_ids        : {}
external_ip         : "169.254.7.152"
external_mac        : "a6:4a:ef:fd:6e:49"
external_port_range : ""
logical_ip          : "10.244.2.2"
logical_port        : k8s-ovn-worker
options             : {stateless="false"}
type                : dnat_and_snat

_uuid               : 9bef6aa1-77bb-4b8d-9bc1-9cf0e3e6d53f
allowed_ext_ips     : []
exempted_ext_ips    : []
external_ids        : {}
external_ip         : "169.254.10.4"
external_mac        : "9e:6c:7e:d6:33:ee"
external_port_range : ""
logical_ip          : "10.244.1.2"
logical_port        : k8s-ovn-worker2
options             : {stateless="false"}
type                : dnat_and_snat

_uuid               : d2c8158d-7a13-46b1-80a7-85383138a188
allowed_ext_ips     : []
exempted_ext_ips    : []
external_ids        : {}
external_ip         : "169.254.11.152"
external_mac        : "fa:ff:b4:fd:9c:4f"
external_port_range : ""
logical_ip          : "10.244.0.2"
logical_port        : k8s-ovn-control-plane
options             : {stateless="false"}
type                : dnat_and_snat
